[Tue Aug 16 00:11:54 2011] [info] Server listening (http://*:3000)
[Tue Aug 16 00:13:23 2011] [info] Server listening (http://*:3000)
[Tue Aug 16 00:13:35 2011] [debug] Your secret passphrase needs to be changed!!!
[Tue Aug 16 00:13:35 2011] [debug] GET / (Mozilla/5.0 (X11; Linux i686) AppleWebKit/535.1 (KHTML, like Gecko) Chrome/13.0.782.112 Safari/535.1).
[Tue Aug 16 00:13:35 2011] [debug] Dispatching "PerlTweets::Pagecontroller->display".
[Tue Aug 16 00:13:35 2011] [debug] PerlTweets::Pagecontroller does not exist, maybe a typo?
[Tue Aug 16 00:13:35 2011] [debug] Template "PageController/display.html.ep" not found.
[Tue Aug 16 00:13:35 2011] [debug] Template "not_found.development.html.ep" not found.
[Tue Aug 16 00:13:35 2011] [debug] Template "not_found.html.ep" not found.
[Tue Aug 16 00:13:35 2011] [debug] Rendering inline template.
[Tue Aug 16 00:13:35 2011] [debug] 404 Not Found (0.140248s, 7.130/s).
[Tue Aug 16 00:18:56 2011] [info] Server listening (http://*:3000)
[Tue Aug 16 00:19:00 2011] [debug] GET / (Mozilla/5.0 (X11; Linux i686) AppleWebKit/535.1 (KHTML, like Gecko) Chrome/13.0.782.112 Safari/535.1).
[Tue Aug 16 00:19:00 2011] [debug] Dispatching "PerlTweets::Page->display".
[Tue Aug 16 00:19:00 2011] [debug] Template "page/display.html.ep" not found.
[Tue Aug 16 00:19:00 2011] [debug] Template "page/display.html.ep" not found.
[Tue Aug 16 00:19:00 2011] [debug] Nothing has been rendered, assuming delayed response.
[Tue Aug 16 00:19:18 2011] [debug] GET / (Mozilla/5.0 (X11; Linux i686) AppleWebKit/535.1 (KHTML, like Gecko) Chrome/13.0.782.112 Safari/535.1).
[Tue Aug 16 00:19:18 2011] [debug] Dispatching "PerlTweets::Page->display".
[Tue Aug 16 00:19:18 2011] [debug] Template "page/display.html.ep" not found.
[Tue Aug 16 00:19:18 2011] [debug] Template "page/display.html.ep" not found.
[Tue Aug 16 00:19:18 2011] [debug] Nothing has been rendered, assuming delayed response.
[Tue Aug 16 00:20:00 2011] [info] Server listening (http://*:3000)
[Tue Aug 16 00:20:03 2011] [debug] GET / (Mozilla/5.0 (X11; Linux i686) AppleWebKit/535.1 (KHTML, like Gecko) Chrome/13.0.782.112 Safari/535.1).
[Tue Aug 16 00:20:03 2011] [debug] Dispatching "PerlTweets::Page->display".
[Tue Aug 16 00:20:03 2011] [debug] Rendering template "page/display.html.ep".
[Tue Aug 16 00:20:03 2011] [debug] Rendering template "layouts/default.html.ep".
[Tue Aug 16 00:20:03 2011] [debug] 200 OK (0.134244s, 7.449/s).
[Tue Aug 16 22:48:08 2011] [info] Server listening (http://*:3000)
[Tue Aug 16 22:48:23 2011] [debug] GET / (Mozilla/5.0 (X11; Linux i686) AppleWebKit/535.1 (KHTML, like Gecko) Chrome/13.0.782.112 Safari/535.1).
[Tue Aug 16 22:48:23 2011] [debug] Dispatching "PerlTweets::Page->display".
[Tue Aug 16 22:48:23 2011] [error] Can't call method "prepare_cached" on an undefined value at script/../lib/PerlTweets/DBModel.pm line 23.

[Tue Aug 16 22:48:23 2011] [error] Can't call method "prepare_cached" on an undefined value at script/../lib/PerlTweets/DBModel.pm line 23.

[Tue Aug 16 22:48:23 2011] [debug] Template "exception.development.html.ep" not found.
[Tue Aug 16 22:48:23 2011] [debug] Template "exception.html.ep" not found.
[Tue Aug 16 22:48:23 2011] [debug] Rendering inline template.
[Tue Aug 16 22:48:23 2011] [debug] 500 Internal Server Error (0.187356s, 5.337/s).
[Tue Aug 16 22:48:23 2011] [error] Can't call method "prepare_cached" on an undefined value at script/../lib/PerlTweets/DBModel.pm line 23.

[Tue Aug 16 22:49:49 2011] [info] Server listening (http://*:3000)
[Tue Aug 16 22:49:53 2011] [debug] GET / (Mozilla/5.0 (X11; Linux i686) AppleWebKit/535.1 (KHTML, like Gecko) Chrome/13.0.782.112 Safari/535.1).
[Tue Aug 16 22:49:53 2011] [debug] Dispatching "PerlTweets::Page->display".
[Tue Aug 16 22:49:54 2011] [error] Can't call method "prepare_cached" on an undefined value at script/../lib/PerlTweets/DBModel.pm line 23.

[Tue Aug 16 22:49:54 2011] [error] Can't call method "prepare_cached" on an undefined value at script/../lib/PerlTweets/DBModel.pm line 23.

[Tue Aug 16 22:49:54 2011] [debug] Template "exception.development.html.ep" not found.
[Tue Aug 16 22:49:54 2011] [debug] Template "exception.html.ep" not found.
[Tue Aug 16 22:49:54 2011] [debug] Rendering inline template.
[Tue Aug 16 22:49:54 2011] [debug] 500 Internal Server Error (0.275203s, 3.634/s).
[Tue Aug 16 22:49:54 2011] [error] Can't call method "prepare_cached" on an undefined value at script/../lib/PerlTweets/DBModel.pm line 23.

[Tue Aug 16 23:13:42 2011] [info] Server listening (http://*:3000)
[Tue Aug 16 23:14:46 2011] [info] Server listening (http://*:3000)
[Tue Aug 16 23:14:51 2011] [debug] GET / (Mozilla/5.0 (X11; Linux i686) AppleWebKit/535.1 (KHTML, like Gecko) Chrome/13.0.782.112 Safari/535.1).
[Tue Aug 16 23:14:51 2011] [debug] Dispatching "PerlTweets::Page->display".
[Tue Aug 16 23:14:51 2011] [debug] Rendering template "page/display.html.ep".
[Tue Aug 16 23:14:52 2011] [debug] Rendering template "layouts/default.html.ep".
[Tue Aug 16 23:14:52 2011] [debug] 200 OK (0.218012s, 4.587/s).
[Tue Aug 16 23:19:19 2011] [info] Server listening (http://*:3000)
[Tue Aug 16 23:19:25 2011] [debug] GET / (Mozilla/5.0 (X11; Linux i686) AppleWebKit/535.1 (KHTML, like Gecko) Chrome/13.0.782.112 Safari/535.1).
[Tue Aug 16 23:19:25 2011] [debug] Dispatching "PerlTweets::Page->display".
[Tue Aug 16 23:19:25 2011] [debug] Rendering template "page/display.html.ep".
[Tue Aug 16 23:19:25 2011] [debug] Rendering template "layouts/default.html.ep".
[Tue Aug 16 23:19:25 2011] [debug] 200 OK (0.147723s, 6.769/s).
[Tue Aug 16 23:19:28 2011] [debug] GET / (Mozilla/5.0 (X11; Linux i686) AppleWebKit/535.1 (KHTML, like Gecko) Chrome/13.0.782.112 Safari/535.1).
[Tue Aug 16 23:19:28 2011] [debug] Dispatching "PerlTweets::Page->display".
[Tue Aug 16 23:19:28 2011] [debug] 200 OK (0.014035s, 71.250/s).
[Tue Aug 16 23:19:31 2011] [debug] GET / (Mozilla/5.0 (X11; Linux i686) AppleWebKit/535.1 (KHTML, like Gecko) Chrome/13.0.782.112 Safari/535.1).
[Tue Aug 16 23:19:31 2011] [debug] Dispatching "PerlTweets::Page->display".
[Tue Aug 16 23:19:31 2011] [debug] 200 OK (0.016683s, 59.941/s).
[Tue Aug 16 23:26:51 2011] [info] Server listening (http://*:3000)
[Tue Aug 16 23:27:00 2011] [debug] GET / (Mozilla/5.0 (X11; Linux i686) AppleWebKit/535.1 (KHTML, like Gecko) Chrome/13.0.782.112 Safari/535.1).
[Tue Aug 16 23:27:00 2011] [debug] Dispatching "PerlTweets::Page->display".
[Tue Aug 16 23:27:00 2011] [error] $VAR1 = [
          {
            'hash_tag' => '#perl'
          }
        ];

[Tue Aug 16 23:27:00 2011] [error] $VAR1 = [
          {
            'hash_tag' => '#perl'
          }
        ];

[Tue Aug 16 23:27:00 2011] [debug] Template "exception.development.html.ep" not found.
[Tue Aug 16 23:27:00 2011] [debug] Template "exception.html.ep" not found.
[Tue Aug 16 23:27:00 2011] [debug] Rendering inline template.
[Tue Aug 16 23:27:01 2011] [debug] 500 Internal Server Error (0.253359s, 3.947/s).
[Tue Aug 16 23:27:01 2011] [error] $VAR1 = [
          {
            'hash_tag' => '#perl'
          }
        ];

[Tue Aug 16 23:28:58 2011] [info] Server listening (http://*:3000)
[Tue Aug 16 23:29:03 2011] [debug] GET / (Mozilla/5.0 (X11; Linux i686) AppleWebKit/535.1 (KHTML, like Gecko) Chrome/13.0.782.112 Safari/535.1).
[Tue Aug 16 23:29:03 2011] [debug] Dispatching "PerlTweets::Page->display".
[Tue Aug 16 23:29:03 2011] [error] DBI fetchall_hashref: invalid number of arguments: got handle + 0, expected handle + between 1 and 1
Usage: $h->fetchall_hashref($key_field) at script/../lib/PerlTweets/DBModel.pm line 28.

[Tue Aug 16 23:29:03 2011] [error] DBI fetchall_hashref: invalid number of arguments: got handle + 0, expected handle + between 1 and 1
Usage: $h->fetchall_hashref($key_field) at script/../lib/PerlTweets/DBModel.pm line 28.

[Tue Aug 16 23:29:03 2011] [debug] Template "exception.development.html.ep" not found.
[Tue Aug 16 23:29:03 2011] [debug] Template "exception.html.ep" not found.
[Tue Aug 16 23:29:03 2011] [debug] Rendering inline template.
[Tue Aug 16 23:29:03 2011] [debug] 500 Internal Server Error (0.169814s, 5.889/s).
[Tue Aug 16 23:29:03 2011] [error] DBI fetchall_hashref: invalid number of arguments: got handle + 0, expected handle + between 1 and 1
Usage: $h->fetchall_hashref($key_field) at script/../lib/PerlTweets/DBModel.pm line 28.

[Tue Aug 16 23:31:56 2011] [info] Server listening (http://*:3000)
[Tue Aug 16 23:32:01 2011] [debug] GET / (Mozilla/5.0 (X11; Linux i686) AppleWebKit/535.1 (KHTML, like Gecko) Chrome/13.0.782.112 Safari/535.1).
[Tue Aug 16 23:32:01 2011] [debug] Dispatching "PerlTweets::Page->display".
[Tue Aug 16 23:32:02 2011] [error] Undefined subroutine &PerlTweets::DBModel::fetch_all called at script/../lib/PerlTweets/Page.pm line 12.

[Tue Aug 16 23:32:02 2011] [error] Undefined subroutine &PerlTweets::DBModel::fetch_all called at script/../lib/PerlTweets/Page.pm line 12.

[Tue Aug 16 23:32:02 2011] [debug] Template "exception.development.html.ep" not found.
[Tue Aug 16 23:32:02 2011] [debug] Template "exception.html.ep" not found.
[Tue Aug 16 23:32:02 2011] [debug] Rendering inline template.
[Tue Aug 16 23:32:02 2011] [debug] 500 Internal Server Error (0.177665s, 5.629/s).
[Tue Aug 16 23:32:02 2011] [error] Undefined subroutine &PerlTweets::DBModel::fetch_all called at script/../lib/PerlTweets/Page.pm line 12.

[Tue Aug 16 23:37:21 2011] [info] Server listening (http://*:3000)
[Tue Aug 16 23:37:23 2011] [debug] GET / (Mozilla/5.0 (X11; Linux i686) AppleWebKit/535.1 (KHTML, like Gecko) Chrome/13.0.782.112 Safari/535.1).
[Tue Aug 16 23:37:23 2011] [debug] Dispatching "PerlTweets::Page->display".
[Tue Aug 16 23:37:23 2011] [debug] Rendering template "page/display.html.ep".
[Tue Aug 16 23:37:24 2011] [debug] Rendering template "layouts/default.html.ep".
[Tue Aug 16 23:37:24 2011] [debug] 200 OK (0.161676s, 6.185/s).
[Tue Aug 16 23:38:12 2011] [info] Server listening (http://*:3000)
[Tue Aug 16 23:38:14 2011] [debug] GET / (Mozilla/5.0 (X11; Linux i686) AppleWebKit/535.1 (KHTML, like Gecko) Chrome/13.0.782.112 Safari/535.1).
[Tue Aug 16 23:38:14 2011] [debug] Dispatching "PerlTweets::Page->display".
[Tue Aug 16 23:38:14 2011] [error] $VAR1 = [
          {
            'hash_tag' => '#perl'
          },
          {
            'hash_tag' => '#CPAN'
          },
          {
            'hash_tag' => '#mojolicious'
          },
          {
            'hash_tag' => '#dancer'
          },
          {
            'hash_tag' => '#plack'
          }
        ];

[Tue Aug 16 23:38:14 2011] [error] $VAR1 = [
          {
            'hash_tag' => '#perl'
          },
          {
            'hash_tag' => '#CPAN'
          },
          {
            'hash_tag' => '#mojolicious'
          },
          {
            'hash_tag' => '#dancer'
          },
          {
            'hash_tag' => '#plack'
          }
        ];

[Tue Aug 16 23:38:14 2011] [debug] Template "exception.development.html.ep" not found.
[Tue Aug 16 23:38:14 2011] [debug] Template "exception.html.ep" not found.
[Tue Aug 16 23:38:14 2011] [debug] Rendering inline template.
[Tue Aug 16 23:38:14 2011] [debug] 500 Internal Server Error (0.245110s, 4.080/s).
[Tue Aug 16 23:38:14 2011] [error] $VAR1 = [
          {
            'hash_tag' => '#perl'
          },
          {
            'hash_tag' => '#CPAN'
          },
          {
            'hash_tag' => '#mojolicious'
          },
          {
            'hash_tag' => '#dancer'
          },
          {
            'hash_tag' => '#plack'
          }
        ];

[Tue Aug 16 23:38:51 2011] [info] Server listening (http://*:3000)
[Tue Aug 16 23:38:53 2011] [debug] GET / (Mozilla/5.0 (X11; Linux i686) AppleWebKit/535.1 (KHTML, like Gecko) Chrome/13.0.782.112 Safari/535.1).
[Tue Aug 16 23:38:53 2011] [debug] Dispatching "PerlTweets::Page->display".
[Tue Aug 16 23:38:53 2011] [error] $VAR1 = [
          {
            'hash_tag' => '#perl'
          },
          {
            'hash_tag' => '#CPAN'
          },
          {
            'hash_tag' => '#mojolicious'
          },
          {
            'hash_tag' => '#dancer'
          },
          {
            'hash_tag' => '#plack'
          }
        ];

[Tue Aug 16 23:38:53 2011] [error] $VAR1 = [
          {
            'hash_tag' => '#perl'
          },
          {
            'hash_tag' => '#CPAN'
          },
          {
            'hash_tag' => '#mojolicious'
          },
          {
            'hash_tag' => '#dancer'
          },
          {
            'hash_tag' => '#plack'
          }
        ];

[Tue Aug 16 23:38:53 2011] [debug] Template "exception.development.html.ep" not found.
[Tue Aug 16 23:38:53 2011] [debug] Template "exception.html.ep" not found.
[Tue Aug 16 23:38:53 2011] [debug] Rendering inline template.
[Tue Aug 16 23:38:53 2011] [debug] 500 Internal Server Error (0.170868s, 5.852/s).
[Tue Aug 16 23:38:53 2011] [error] $VAR1 = [
          {
            'hash_tag' => '#perl'
          },
          {
            'hash_tag' => '#CPAN'
          },
          {
            'hash_tag' => '#mojolicious'
          },
          {
            'hash_tag' => '#dancer'
          },
          {
            'hash_tag' => '#plack'
          }
        ];

[Tue Aug 16 23:39:09 2011] [info] Server listening (http://*:3000)
[Tue Aug 16 23:39:12 2011] [debug] GET / (Mozilla/5.0 (X11; Linux i686) AppleWebKit/535.1 (KHTML, like Gecko) Chrome/13.0.782.112 Safari/535.1).
[Tue Aug 16 23:39:12 2011] [debug] Dispatching "PerlTweets::Page->display".
[Tue Aug 16 23:39:12 2011] [debug] Rendering template "page/display.html.ep".
[Tue Aug 16 23:39:12 2011] [debug] Rendering template "layouts/default.html.ep".
[Tue Aug 16 23:39:12 2011] [debug] 200 OK (0.091696s, 10.906/s).
[Tue Aug 16 23:43:29 2011] [info] Server listening (http://*:3000)
[Tue Aug 16 23:45:27 2011] [info] Server listening (http://*:3000)
[Tue Aug 16 23:45:31 2011] [debug] GET / (Mozilla/5.0 (X11; Linux i686) AppleWebKit/535.1 (KHTML, like Gecko) Chrome/13.0.782.112 Safari/535.1).
[Tue Aug 16 23:45:31 2011] [debug] Dispatching "PerlTweets::Page->display".
[Tue Aug 16 23:45:31 2011] [debug] Rendering template "page/display.html.ep".
[Tue Aug 16 23:45:31 2011] [debug] Rendering template "layouts/default.html.ep".
[Tue Aug 16 23:45:31 2011] [debug] 200 OK (0.093223s, 10.727/s).
[Tue Aug 16 23:45:31 2011] [debug] GET /public/js/default.js (Mozilla/5.0 (X11; Linux i686) AppleWebKit/535.1 (KHTML, like Gecko) Chrome/13.0.782.112 Safari/535.1).
[Tue Aug 16 23:45:31 2011] [debug] Template "not_found.development.html.ep" not found.
[Tue Aug 16 23:45:31 2011] [debug] Template "not_found.html.ep" not found.
[Tue Aug 16 23:45:31 2011] [debug] Rendering inline template.
[Tue Aug 16 23:45:31 2011] [debug] 404 Not Found (0.070197s, 14.246/s).
[Tue Aug 16 23:45:31 2011] [debug] GET /public/css/default.css (Mozilla/5.0 (X11; Linux i686) AppleWebKit/535.1 (KHTML, like Gecko) Chrome/13.0.782.112 Safari/535.1).
[Tue Aug 16 23:45:31 2011] [debug] Template "not_found.development.html.ep" not found.
[Tue Aug 16 23:45:31 2011] [debug] Template "not_found.html.ep" not found.
[Tue Aug 16 23:45:31 2011] [debug] 404 Not Found (0.037379s, 26.753/s).
[Tue Aug 16 23:45:36 2011] [debug] GET / (Mozilla/5.0 (X11; Linux i686) AppleWebKit/535.1 (KHTML, like Gecko) Chrome/13.0.782.112 Safari/535.1).
[Tue Aug 16 23:45:36 2011] [debug] Dispatching "PerlTweets::Page->display".
[Tue Aug 16 23:45:36 2011] [debug] 200 OK (0.010359s, 96.534/s).
[Wed Aug 17 00:00:35 2011] [info] Server listening (http://*:3000)
[Wed Aug 17 00:00:56 2011] [debug] GET / (Mozilla/5.0 (X11; Linux i686) AppleWebKit/535.1 (KHTML, like Gecko) Chrome/13.0.782.112 Safari/535.1).
[Wed Aug 17 00:00:56 2011] [debug] Dispatching "PerlTweets::Page->display".
[Wed Aug 17 00:00:56 2011] [debug] Rendering template "page/display.html.ep".
[Wed Aug 17 00:00:56 2011] [debug] Rendering template "layouts/default.html.ep".
[Wed Aug 17 00:00:56 2011] [debug] 200 OK (0.117560s, 8.506/s).
[Wed Aug 17 00:00:56 2011] [debug] GET /public/js/default.js (Mozilla/5.0 (X11; Linux i686) AppleWebKit/535.1 (KHTML, like Gecko) Chrome/13.0.782.112 Safari/535.1).
[Wed Aug 17 00:00:56 2011] [debug] Template "not_found.development.html.ep" not found.
[Wed Aug 17 00:00:56 2011] [debug] Template "not_found.html.ep" not found.
[Wed Aug 17 00:00:56 2011] [debug] Rendering inline template.
[Wed Aug 17 00:00:56 2011] [debug] 404 Not Found (0.077153s, 12.961/s).
[Wed Aug 17 00:00:56 2011] [debug] GET /public/css/text.css (Mozilla/5.0 (X11; Linux i686) AppleWebKit/535.1 (KHTML, like Gecko) Chrome/13.0.782.112 Safari/535.1).
[Wed Aug 17 00:00:56 2011] [debug] Template "not_found.development.html.ep" not found.
[Wed Aug 17 00:00:56 2011] [debug] Template "not_found.html.ep" not found.
[Wed Aug 17 00:00:56 2011] [debug] 404 Not Found (0.037818s, 26.442/s).
[Wed Aug 17 00:00:56 2011] [debug] GET /public/css/reset.css (Mozilla/5.0 (X11; Linux i686) AppleWebKit/535.1 (KHTML, like Gecko) Chrome/13.0.782.112 Safari/535.1).
[Wed Aug 17 00:00:56 2011] [debug] Template "not_found.development.html.ep" not found.
[Wed Aug 17 00:00:56 2011] [debug] Template "not_found.html.ep" not found.
[Wed Aug 17 00:00:56 2011] [debug] 404 Not Found (0.036652s, 27.284/s).
[Wed Aug 17 00:00:56 2011] [debug] GET /public/css/960.css (Mozilla/5.0 (X11; Linux i686) AppleWebKit/535.1 (KHTML, like Gecko) Chrome/13.0.782.112 Safari/535.1).
[Wed Aug 17 00:00:56 2011] [debug] Template "not_found.development.html.ep" not found.
[Wed Aug 17 00:00:56 2011] [debug] Template "not_found.html.ep" not found.
[Wed Aug 17 00:00:56 2011] [debug] 404 Not Found (0.036980s, 27.042/s).
[Wed Aug 17 00:00:56 2011] [debug] GET /public/css/default.css (Mozilla/5.0 (X11; Linux i686) AppleWebKit/535.1 (KHTML, like Gecko) Chrome/13.0.782.112 Safari/535.1).
[Wed Aug 17 00:00:56 2011] [debug] Template "not_found.development.html.ep" not found.
[Wed Aug 17 00:00:56 2011] [debug] Template "not_found.html.ep" not found.
[Wed Aug 17 00:00:56 2011] [debug] 404 Not Found (0.036000s, 27.778/s).
[Wed Aug 17 00:01:07 2011] [debug] GET / (Mozilla/5.0 (X11; Linux i686) AppleWebKit/535.1 (KHTML, like Gecko) Chrome/13.0.782.112 Safari/535.1).
[Wed Aug 17 00:01:07 2011] [debug] Dispatching "PerlTweets::Page->display".
[Wed Aug 17 00:01:07 2011] [debug] 200 OK (0.009217s, 108.495/s).
[Wed Aug 17 00:01:07 2011] [debug] GET /public/js/default.js (Mozilla/5.0 (X11; Linux i686) AppleWebKit/535.1 (KHTML, like Gecko) Chrome/13.0.782.112 Safari/535.1).
[Wed Aug 17 00:01:07 2011] [debug] Template "not_found.development.html.ep" not found.
[Wed Aug 17 00:01:07 2011] [debug] Template "not_found.html.ep" not found.
[Wed Aug 17 00:01:07 2011] [debug] 404 Not Found (0.037778s, 26.470/s).
[Wed Aug 17 00:01:07 2011] [debug] GET /public/css/default.css (Mozilla/5.0 (X11; Linux i686) AppleWebKit/535.1 (KHTML, like Gecko) Chrome/13.0.782.112 Safari/535.1).
[Wed Aug 17 00:01:07 2011] [debug] Template "not_found.development.html.ep" not found.
[Wed Aug 17 00:01:07 2011] [debug] Template "not_found.html.ep" not found.
[Wed Aug 17 00:01:07 2011] [debug] 404 Not Found (0.037636s, 26.570/s).
[Wed Aug 17 00:01:07 2011] [debug] GET /public/css/960.css (Mozilla/5.0 (X11; Linux i686) AppleWebKit/535.1 (KHTML, like Gecko) Chrome/13.0.782.112 Safari/535.1).
[Wed Aug 17 00:01:07 2011] [debug] Template "not_found.development.html.ep" not found.
[Wed Aug 17 00:01:07 2011] [debug] Template "not_found.html.ep" not found.
[Wed Aug 17 00:01:07 2011] [debug] 404 Not Found (0.041033s, 24.371/s).
[Wed Aug 17 00:01:07 2011] [debug] GET /public/css/text.css (Mozilla/5.0 (X11; Linux i686) AppleWebKit/535.1 (KHTML, like Gecko) Chrome/13.0.782.112 Safari/535.1).
[Wed Aug 17 00:01:07 2011] [debug] Template "not_found.development.html.ep" not found.
[Wed Aug 17 00:01:07 2011] [debug] Template "not_found.html.ep" not found.
[Wed Aug 17 00:01:07 2011] [debug] 404 Not Found (0.037565s, 26.621/s).
[Wed Aug 17 00:01:07 2011] [debug] GET /public/css/reset.css (Mozilla/5.0 (X11; Linux i686) AppleWebKit/535.1 (KHTML, like Gecko) Chrome/13.0.782.112 Safari/535.1).
[Wed Aug 17 00:01:07 2011] [debug] Template "not_found.development.html.ep" not found.
[Wed Aug 17 00:01:07 2011] [debug] Template "not_found.html.ep" not found.
[Wed Aug 17 00:01:07 2011] [debug] 404 Not Found (0.038816s, 25.763/s).
[Wed Aug 17 00:01:19 2011] [debug] GET / (Mozilla/5.0 (X11; Linux i686) AppleWebKit/535.1 (KHTML, like Gecko) Chrome/13.0.782.112 Safari/535.1).
[Wed Aug 17 00:01:19 2011] [debug] Dispatching "PerlTweets::Page->display".
[Wed Aug 17 00:01:19 2011] [debug] 200 OK (0.006882s, 145.307/s).
[Wed Aug 17 00:10:59 2011] [info] Server listening (http://*:3000)
[Wed Aug 17 00:11:07 2011] [debug] GET / (Mozilla/5.0 (X11; Linux i686) AppleWebKit/535.1 (KHTML, like Gecko) Chrome/13.0.782.112 Safari/535.1).
[Wed Aug 17 00:11:07 2011] [debug] Dispatching "PerlTweets::Page->display".
[Wed Aug 17 00:11:07 2011] [debug] Rendering template "page/display.html.ep".
[Wed Aug 17 00:11:07 2011] [debug] Rendering template "layouts/default.html.ep".
[Wed Aug 17 00:11:07 2011] [debug] 200 OK (0.102916s, 9.717/s).
[Wed Aug 17 00:16:04 2011] [info] Server listening (http://*:3000)
[Wed Aug 17 00:16:10 2011] [debug] GET / (Mozilla/5.0 (X11; Linux i686) AppleWebKit/535.1 (KHTML, like Gecko) Chrome/13.0.782.112 Safari/535.1).
[Wed Aug 17 00:16:10 2011] [debug] Dispatching "PerlTweets::Page->display".
[Wed Aug 17 00:16:10 2011] [debug] Rendering template "page/display.html.ep".
[Wed Aug 17 00:16:10 2011] [debug] Rendering template "layouts/default.html.ep".
[Wed Aug 17 00:16:10 2011] [debug] 200 OK (0.137017s, 7.298/s).
[Wed Aug 17 00:27:00 2011] [info] Server listening (http://*:3000)
[Wed Aug 17 00:27:03 2011] [debug] GET / (Mozilla/5.0 (X11; Linux i686) AppleWebKit/535.1 (KHTML, like Gecko) Chrome/13.0.782.112 Safari/535.1).
[Wed Aug 17 00:27:03 2011] [debug] Dispatching "PerlTweets::Page->display".
[Wed Aug 17 00:27:03 2011] [debug] Rendering template "page/display.html.ep".
[Wed Aug 17 00:27:03 2011] [debug] Rendering template "layouts/default.html.ep".
[Wed Aug 17 00:27:03 2011] [debug] 200 OK (0.159874s, 6.255/s).
[Wed Aug 17 00:28:30 2011] [info] Server listening (http://*:3000)
[Wed Aug 17 00:28:33 2011] [debug] GET / (Mozilla/5.0 (X11; Linux i686) AppleWebKit/535.1 (KHTML, like Gecko) Chrome/13.0.782.112 Safari/535.1).
[Wed Aug 17 00:28:33 2011] [debug] Dispatching "PerlTweets::Page->display".
[Wed Aug 17 00:28:33 2011] [debug] Rendering template "page/display.html.ep".
[Wed Aug 17 00:28:33 2011] [debug] Rendering template "layouts/default.html.ep".
[Wed Aug 17 00:28:33 2011] [debug] 200 OK (0.157254s, 6.359/s).
[Wed Aug 17 00:32:55 2011] [info] Server listening (http://*:3000)
[Wed Aug 17 00:32:58 2011] [debug] GET / (Mozilla/5.0 (X11; Linux i686) AppleWebKit/535.1 (KHTML, like Gecko) Chrome/13.0.782.112 Safari/535.1).
[Wed Aug 17 00:32:58 2011] [debug] Dispatching "PerlTweets::Page->display".
[Wed Aug 17 00:32:58 2011] [debug] Rendering template "page/display.html.ep".
[Wed Aug 17 00:32:58 2011] [debug] Rendering template "layouts/default.html.ep".
[Wed Aug 17 00:32:58 2011] [debug] 200 OK (0.092619s, 10.797/s).
[Wed Aug 17 00:33:01 2011] [debug] GET /ajax_tweets/ (Mozilla/5.0 (X11; Linux i686) AppleWebKit/535.1 (KHTML, like Gecko) Chrome/13.0.782.112 Safari/535.1).
[Wed Aug 17 00:33:01 2011] [debug] Template "not_found.development.html.ep" not found.
[Wed Aug 17 00:33:01 2011] [debug] Template "not_found.html.ep" not found.
[Wed Aug 17 00:33:01 2011] [debug] Rendering inline template.
[Wed Aug 17 00:33:01 2011] [debug] 404 Not Found (0.091478s, 10.932/s).
[Wed Aug 17 00:33:10 2011] [debug] GET /ajax_tweets/ (Mozilla/5.0 (X11; Linux i686) AppleWebKit/535.1 (KHTML, like Gecko) Chrome/13.0.782.112 Safari/535.1).
[Wed Aug 17 00:33:10 2011] [debug] Template "not_found.development.html.ep" not found.
[Wed Aug 17 00:33:10 2011] [debug] Template "not_found.html.ep" not found.
[Wed Aug 17 00:33:11 2011] [debug] 404 Not Found (0.047854s, 20.897/s).
[Wed Aug 17 00:34:38 2011] [info] Server listening (http://*:3000)
[Wed Aug 17 00:34:41 2011] [debug] GET / (Mozilla/5.0 (X11; Linux i686) AppleWebKit/535.1 (KHTML, like Gecko) Chrome/13.0.782.112 Safari/535.1).
[Wed Aug 17 00:34:41 2011] [debug] Dispatching "PerlTweets::Page->display".
[Wed Aug 17 00:34:41 2011] [debug] Rendering template "page/display.html.ep".
[Wed Aug 17 00:34:41 2011] [debug] Rendering template "layouts/default.html.ep".
[Wed Aug 17 00:34:41 2011] [debug] 200 OK (0.156186s, 6.403/s).
[Wed Aug 17 00:34:44 2011] [debug] GET /ajax/ (Mozilla/5.0 (X11; Linux i686) AppleWebKit/535.1 (KHTML, like Gecko) Chrome/13.0.782.112 Safari/535.1).
[Wed Aug 17 00:34:44 2011] [debug] Template "not_found.development.html.ep" not found.
[Wed Aug 17 00:34:44 2011] [debug] Template "not_found.html.ep" not found.
[Wed Aug 17 00:34:44 2011] [debug] Rendering inline template.
[Wed Aug 17 00:34:45 2011] [debug] 404 Not Found (0.088795s, 11.262/s).
[Wed Aug 17 00:34:48 2011] [debug] GET /ajax/ (Mozilla/5.0 (X11; Linux i686) AppleWebKit/535.1 (KHTML, like Gecko) Chrome/13.0.782.112 Safari/535.1).
[Wed Aug 17 00:34:48 2011] [debug] Template "not_found.development.html.ep" not found.
[Wed Aug 17 00:34:48 2011] [debug] Template "not_found.html.ep" not found.
[Wed Aug 17 00:34:49 2011] [debug] 404 Not Found (0.061025s, 16.387/s).
[Wed Aug 17 00:34:50 2011] [debug] GET /ajax/ (Mozilla/5.0 (X11; Linux i686) AppleWebKit/535.1 (KHTML, like Gecko) Chrome/13.0.782.112 Safari/535.1).
[Wed Aug 17 00:34:50 2011] [debug] Template "not_found.development.html.ep" not found.
[Wed Aug 17 00:34:50 2011] [debug] Template "not_found.html.ep" not found.
[Wed Aug 17 00:34:50 2011] [debug] 404 Not Found (0.082646s, 12.100/s).
[Wed Aug 17 00:34:52 2011] [debug] GET /ajax/ (Mozilla/5.0 (X11; Linux i686) AppleWebKit/535.1 (KHTML, like Gecko) Chrome/13.0.782.112 Safari/535.1).
[Wed Aug 17 00:34:52 2011] [debug] Template "not_found.development.html.ep" not found.
[Wed Aug 17 00:34:52 2011] [debug] Template "not_found.html.ep" not found.
[Wed Aug 17 00:34:52 2011] [debug] 404 Not Found (0.047774s, 20.932/s).
[Wed Aug 17 00:34:53 2011] [debug] GET /ajax/ (Mozilla/5.0 (X11; Linux i686) AppleWebKit/535.1 (KHTML, like Gecko) Chrome/13.0.782.112 Safari/535.1).
[Wed Aug 17 00:34:53 2011] [debug] Template "not_found.development.html.ep" not found.
[Wed Aug 17 00:34:53 2011] [debug] Template "not_found.html.ep" not found.
[Wed Aug 17 00:34:53 2011] [debug] 404 Not Found (0.053237s, 18.784/s).
[Wed Aug 17 00:37:07 2011] [info] Server listening (http://*:3000)
[Wed Aug 17 00:37:09 2011] [debug] GET / (Mozilla/5.0 (X11; Linux i686) AppleWebKit/535.1 (KHTML, like Gecko) Chrome/13.0.782.112 Safari/535.1).
[Wed Aug 17 00:37:09 2011] [debug] Dispatching "PerlTweets::Page->display".
[Wed Aug 17 00:37:09 2011] [debug] Rendering template "page/display.html.ep".
[Wed Aug 17 00:37:09 2011] [debug] Rendering template "layouts/default.html.ep".
[Wed Aug 17 00:37:09 2011] [debug] 200 OK (0.099238s, 10.077/s).
[Wed Aug 17 00:37:15 2011] [debug] GET /ajax/ (Mozilla/5.0 (X11; Linux i686) AppleWebKit/535.1 (KHTML, like Gecko) Chrome/13.0.782.112 Safari/535.1).
[Wed Aug 17 00:37:15 2011] [debug] Template "not_found.development.html.ep" not found.
[Wed Aug 17 00:37:15 2011] [debug] Template "not_found.html.ep" not found.
[Wed Aug 17 00:37:15 2011] [debug] Rendering inline template.
[Wed Aug 17 00:37:15 2011] [debug] 404 Not Found (0.096073s, 10.409/s).
[Wed Aug 17 00:37:18 2011] [debug] GET /ajax/ (Mozilla/5.0 (X11; Linux i686) AppleWebKit/535.1 (KHTML, like Gecko) Chrome/13.0.782.112 Safari/535.1).
[Wed Aug 17 00:37:18 2011] [debug] Template "not_found.development.html.ep" not found.
[Wed Aug 17 00:37:18 2011] [debug] Template "not_found.html.ep" not found.
[Wed Aug 17 00:37:18 2011] [debug] 404 Not Found (0.052938s, 18.890/s).
[Wed Aug 17 23:41:07 2011] [info] Server listening (http://*:3000)
[Wed Aug 17 23:41:13 2011] [debug] GET / (Mozilla/5.0 (X11; Linux i686) AppleWebKit/535.1 (KHTML, like Gecko) Chrome/13.0.782.112 Safari/535.1).
[Wed Aug 17 23:41:13 2011] [debug] Dispatching "TwitterSearchViewer::Page->display".
[Wed Aug 17 23:41:13 2011] [debug] Rendering template "page/display.html.ep".
[Wed Aug 17 23:41:13 2011] [debug] Rendering template "layouts/default.html.ep".
[Wed Aug 17 23:41:13 2011] [debug] 200 OK (0.180457s, 5.541/s).
[Thu Aug 18 00:14:50 2011] [debug] Reading config file "/home/bfaist/perl/twitter_search_viewer/config.json".
[Thu Aug 18 00:20:56 2011] [debug] Reading config file "/home/bfaist/perl/twitter_search_viewer/config.json".
[Thu Aug 18 00:20:59 2011] [info] Server listening (http://*:3000)
[Thu Aug 18 00:21:05 2011] [debug] GET / (Mozilla/5.0 (X11; Linux i686) AppleWebKit/535.1 (KHTML, like Gecko) Chrome/13.0.782.112 Safari/535.1).
[Thu Aug 18 00:21:05 2011] [debug] Dispatching "TwitterSearchViewer::Page->display".
[Thu Aug 18 00:21:05 2011] [debug] Rendering template "page/display.html.ep".
[Thu Aug 18 00:21:05 2011] [debug] Rendering template "layouts/default.html.ep".
[Thu Aug 18 00:21:05 2011] [debug] 200 OK (0.049729s, 20.109/s).
[Thu Aug 18 00:22:54 2011] [debug] Reading config file "/home/bfaist/perl/twitter_search_viewer/config.json".
[Thu Aug 18 00:22:56 2011] [info] Server listening (http://*:3000)
[Thu Aug 18 00:22:59 2011] [debug] GET / (Mozilla/5.0 (X11; Linux i686) AppleWebKit/535.1 (KHTML, like Gecko) Chrome/13.0.782.112 Safari/535.1).
[Thu Aug 18 00:22:59 2011] [debug] Dispatching "TwitterSearchViewer::Page->display".
[Thu Aug 18 00:22:59 2011] [debug] Rendering template "page/display.html.ep".
[Thu Aug 18 00:22:59 2011] [debug] Rendering template "layouts/default.html.ep".
[Thu Aug 18 00:23:00 2011] [debug] 200 OK (0.051410s, 19.451/s).
[Thu Aug 18 00:23:03 2011] [debug] GET /ajax/ (Mozilla/5.0 (X11; Linux i686) AppleWebKit/535.1 (KHTML, like Gecko) Chrome/13.0.782.112 Safari/535.1).
[Thu Aug 18 00:23:03 2011] [debug] Template "not_found.development.html.ep" not found.
[Thu Aug 18 00:23:03 2011] [debug] Template "not_found.html.ep" not found.
[Thu Aug 18 00:23:03 2011] [debug] Rendering inline template.
[Thu Aug 18 00:23:03 2011] [debug] 404 Not Found (0.077731s, 12.865/s).
[Thu Aug 18 00:23:04 2011] [debug] GET /ajax/ (Mozilla/5.0 (X11; Linux i686) AppleWebKit/535.1 (KHTML, like Gecko) Chrome/13.0.782.112 Safari/535.1).
[Thu Aug 18 00:23:04 2011] [debug] Template "not_found.development.html.ep" not found.
[Thu Aug 18 00:23:04 2011] [debug] Template "not_found.html.ep" not found.
[Thu Aug 18 00:23:04 2011] [debug] 404 Not Found (0.055811s, 17.918/s).
[Thu Aug 18 00:23:05 2011] [debug] GET /ajax/ (Mozilla/5.0 (X11; Linux i686) AppleWebKit/535.1 (KHTML, like Gecko) Chrome/13.0.782.112 Safari/535.1).
[Thu Aug 18 00:23:05 2011] [debug] Template "not_found.development.html.ep" not found.
[Thu Aug 18 00:23:05 2011] [debug] Template "not_found.html.ep" not found.
[Thu Aug 18 00:23:05 2011] [debug] 404 Not Found (0.047501s, 21.052/s).
[Thu Aug 18 00:27:51 2011] [debug] Reading config file "/home/bfaist/perl/twitter_search_viewer/config.json".
[Thu Aug 18 00:27:54 2011] [info] Server listening (http://*:3000)
[Thu Aug 18 00:27:56 2011] [debug] GET / (Mozilla/5.0 (X11; Linux i686) AppleWebKit/535.1 (KHTML, like Gecko) Chrome/13.0.782.112 Safari/535.1).
[Thu Aug 18 00:27:56 2011] [debug] Dispatching "TwitterSearchViewer::Page->display".
[Thu Aug 18 00:27:57 2011] [debug] Rendering template "page/display.html.ep".
[Thu Aug 18 00:27:57 2011] [debug] Rendering template "layouts/default.html.ep".
[Thu Aug 18 00:27:57 2011] [debug] 200 OK (0.044022s, 22.716/s).
[Thu Aug 18 00:27:59 2011] [debug] GET /ajax_search/ (Mozilla/5.0 (X11; Linux i686) AppleWebKit/535.1 (KHTML, like Gecko) Chrome/13.0.782.112 Safari/535.1).
[Thu Aug 18 00:27:59 2011] [debug] Template "not_found.development.html.ep" not found.
[Thu Aug 18 00:27:59 2011] [debug] Template "not_found.html.ep" not found.
[Thu Aug 18 00:27:59 2011] [debug] Rendering inline template.
[Thu Aug 18 00:27:59 2011] [debug] 404 Not Found (0.079513s, 12.577/s).
[Thu Aug 18 00:28:01 2011] [debug] GET /ajax_search/ (Mozilla/5.0 (X11; Linux i686) AppleWebKit/535.1 (KHTML, like Gecko) Chrome/13.0.782.112 Safari/535.1).
[Thu Aug 18 00:28:01 2011] [debug] Template "not_found.development.html.ep" not found.
[Thu Aug 18 00:28:01 2011] [debug] Template "not_found.html.ep" not found.
[Thu Aug 18 00:28:01 2011] [debug] 404 Not Found (0.039237s, 25.486/s).
[Thu Aug 18 00:28:03 2011] [debug] GET /ajax_search/ (Mozilla/5.0 (X11; Linux i686) AppleWebKit/535.1 (KHTML, like Gecko) Chrome/13.0.782.112 Safari/535.1).
[Thu Aug 18 00:28:03 2011] [debug] Template "not_found.development.html.ep" not found.
[Thu Aug 18 00:28:03 2011] [debug] Template "not_found.html.ep" not found.
[Thu Aug 18 00:28:03 2011] [debug] 404 Not Found (0.040186s, 24.884/s).
[Thu Aug 18 00:28:04 2011] [debug] GET /ajax_search/perl (Mozilla/5.0 (X11; Linux i686) AppleWebKit/535.1 (KHTML, like Gecko) Chrome/13.0.782.112 Safari/535.1).
[Thu Aug 18 00:28:04 2011] [debug] Template "not_found.development.html.ep" not found.
[Thu Aug 18 00:28:04 2011] [debug] Template "not_found.html.ep" not found.
[Thu Aug 18 00:28:04 2011] [debug] 404 Not Found (0.042590s, 23.480/s).
[Thu Aug 18 00:28:06 2011] [debug] GET /ajax_search/perl (Mozilla/5.0 (X11; Linux i686) AppleWebKit/535.1 (KHTML, like Gecko) Chrome/13.0.782.112 Safari/535.1).
[Thu Aug 18 00:28:06 2011] [debug] Template "not_found.development.html.ep" not found.
[Thu Aug 18 00:28:06 2011] [debug] Template "not_found.html.ep" not found.
[Thu Aug 18 00:28:06 2011] [debug] 404 Not Found (0.043936s, 22.760/s).
[Thu Aug 18 00:28:07 2011] [debug] GET /ajax_search/perl (Mozilla/5.0 (X11; Linux i686) AppleWebKit/535.1 (KHTML, like Gecko) Chrome/13.0.782.112 Safari/535.1).
[Thu Aug 18 00:28:07 2011] [debug] Template "not_found.development.html.ep" not found.
[Thu Aug 18 00:28:07 2011] [debug] Template "not_found.html.ep" not found.
[Thu Aug 18 00:28:07 2011] [debug] 404 Not Found (0.053152s, 18.814/s).
[Thu Aug 18 00:28:08 2011] [debug] GET /ajax_search/perl (Mozilla/5.0 (X11; Linux i686) AppleWebKit/535.1 (KHTML, like Gecko) Chrome/13.0.782.112 Safari/535.1).
[Thu Aug 18 00:28:08 2011] [debug] Template "not_found.development.html.ep" not found.
[Thu Aug 18 00:28:08 2011] [debug] Template "not_found.html.ep" not found.
[Thu Aug 18 00:28:08 2011] [debug] 404 Not Found (0.037100s, 26.954/s).
[Thu Aug 18 22:58:16 2011] [debug] Reading config file "/home/bfaist/perl/twitter_search_viewer/config.json".
[Thu Aug 18 22:58:20 2011] [info] Server listening (http://*:3000)
[Thu Aug 18 22:58:26 2011] [debug] GET / (Mozilla/5.0 (X11; Linux i686) AppleWebKit/535.1 (KHTML, like Gecko) Chrome/13.0.782.112 Safari/535.1).
[Thu Aug 18 22:58:26 2011] [debug] Dispatching "TwitterSearchViewer::Page->display".
[Thu Aug 18 22:58:26 2011] [debug] Rendering template "page/display.html.ep".
[Thu Aug 18 22:58:26 2011] [debug] Rendering template "layouts/default.html.ep".
[Thu Aug 18 22:58:26 2011] [debug] 200 OK (0.072415s, 13.809/s).
[Thu Aug 18 22:58:29 2011] [debug] GET /ajax/ (Mozilla/5.0 (X11; Linux i686) AppleWebKit/535.1 (KHTML, like Gecko) Chrome/13.0.782.112 Safari/535.1).
[Thu Aug 18 22:58:29 2011] [debug] Template "not_found.development.html.ep" not found.
[Thu Aug 18 22:58:29 2011] [debug] Template "not_found.html.ep" not found.
[Thu Aug 18 22:58:29 2011] [debug] Rendering inline template.
[Thu Aug 18 22:58:30 2011] [debug] 404 Not Found (0.077008s, 12.986/s).
[Thu Aug 18 22:58:32 2011] [debug] GET /ajax/perl (Mozilla/5.0 (X11; Linux i686) AppleWebKit/535.1 (KHTML, like Gecko) Chrome/13.0.782.112 Safari/535.1).
[Thu Aug 18 22:58:32 2011] [debug] Dispatching "TwitterSearchViewer::Page->ajax_search".
[Thu Aug 18 22:58:32 2011] [debug] Template "page/ajax_search.html.ep" not found.
[Thu Aug 18 22:58:32 2011] [debug] Template "page/ajax_search.html.ep" not found.
[Thu Aug 18 22:58:32 2011] [debug] Nothing has been rendered, assuming delayed response.
[Thu Aug 18 22:58:47 2011] [debug] GET /ajax/perl (Mozilla/5.0 (X11; Linux i686) AppleWebKit/535.1 (KHTML, like Gecko) Chrome/13.0.782.112 Safari/535.1).
[Thu Aug 18 22:58:47 2011] [debug] Dispatching "TwitterSearchViewer::Page->ajax_search".
[Thu Aug 18 22:58:47 2011] [debug] Template "page/ajax_search.html.ep" not found.
[Thu Aug 18 22:58:47 2011] [debug] Template "page/ajax_search.html.ep" not found.
[Thu Aug 18 22:58:47 2011] [debug] Nothing has been rendered, assuming delayed response.
[Thu Aug 18 22:59:02 2011] [debug] GET /ajax/perl (Mozilla/5.0 (X11; Linux i686) AppleWebKit/535.1 (KHTML, like Gecko) Chrome/13.0.782.112 Safari/535.1).
[Thu Aug 18 22:59:02 2011] [debug] Dispatching "TwitterSearchViewer::Page->ajax_search".
[Thu Aug 18 22:59:02 2011] [debug] Template "page/ajax_search.html.ep" not found.
[Thu Aug 18 22:59:02 2011] [debug] Template "page/ajax_search.html.ep" not found.
[Thu Aug 18 22:59:02 2011] [debug] Nothing has been rendered, assuming delayed response.
[Thu Aug 18 23:01:01 2011] [debug] Reading config file "/home/bfaist/perl/twitter_search_viewer/config.json".
[Thu Aug 18 23:01:04 2011] [info] Server listening (http://*:3000)
[Thu Aug 18 23:01:08 2011] [debug] GET / (Mozilla/5.0 (X11; Linux i686) AppleWebKit/535.1 (KHTML, like Gecko) Chrome/13.0.782.112 Safari/535.1).
[Thu Aug 18 23:01:08 2011] [debug] Dispatching "TwitterSearchViewer::Page->display".
[Thu Aug 18 23:01:08 2011] [debug] Rendering template "page/display.html.ep".
[Thu Aug 18 23:01:08 2011] [debug] Rendering template "layouts/default.html.ep".
[Thu Aug 18 23:01:08 2011] [debug] 200 OK (0.052819s, 18.933/s).
[Thu Aug 18 23:01:11 2011] [debug] GET /ajax/perl (Mozilla/5.0 (X11; Linux i686) AppleWebKit/535.1 (KHTML, like Gecko) Chrome/13.0.782.112 Safari/535.1).
[Thu Aug 18 23:01:11 2011] [debug] Dispatching "TwitterSearchViewer::Page->ajax_search".
[Thu Aug 18 23:01:11 2011] [debug] 200 OK (0.003659s, 273.299/s).
[Thu Aug 18 23:01:14 2011] [debug] GET /ajax/ (Mozilla/5.0 (X11; Linux i686) AppleWebKit/535.1 (KHTML, like Gecko) Chrome/13.0.782.112 Safari/535.1).
[Thu Aug 18 23:01:14 2011] [debug] Template "not_found.development.html.ep" not found.
[Thu Aug 18 23:01:14 2011] [debug] Template "not_found.html.ep" not found.
[Thu Aug 18 23:01:14 2011] [debug] Rendering inline template.
[Thu Aug 18 23:01:14 2011] [debug] 404 Not Found (0.073889s, 13.534/s).
[Thu Aug 18 23:01:21 2011] [debug] GET /ajax/ (Mozilla/5.0 (X11; Linux i686) AppleWebKit/535.1 (KHTML, like Gecko) Chrome/13.0.782.112 Safari/535.1).
[Thu Aug 18 23:01:21 2011] [debug] Template "not_found.development.html.ep" not found.
[Thu Aug 18 23:01:21 2011] [debug] Template "not_found.html.ep" not found.
[Thu Aug 18 23:01:21 2011] [debug] 404 Not Found (0.042533s, 23.511/s).
[Thu Aug 18 23:01:23 2011] [debug] GET /ajax/ (Mozilla/5.0 (X11; Linux i686) AppleWebKit/535.1 (KHTML, like Gecko) Chrome/13.0.782.112 Safari/535.1).
[Thu Aug 18 23:01:23 2011] [debug] Template "not_found.development.html.ep" not found.
[Thu Aug 18 23:01:23 2011] [debug] Template "not_found.html.ep" not found.
[Thu Aug 18 23:01:23 2011] [debug] 404 Not Found (0.040351s, 24.783/s).
[Thu Aug 18 23:09:52 2011] [debug] Reading config file "/home/bfaist/perl/twitter_search_viewer/config.json".
[Thu Aug 18 23:09:54 2011] [info] Server listening (http://*:3000)
[Thu Aug 18 23:10:00 2011] [debug] GET / (Mozilla/5.0 (X11; Linux i686) AppleWebKit/535.1 (KHTML, like Gecko) Chrome/13.0.782.112 Safari/535.1).
[Thu Aug 18 23:10:00 2011] [debug] Dispatching "TwitterSearchViewer::Page->display".
[Thu Aug 18 23:10:00 2011] [debug] Rendering template "page/display.html.ep".
[Thu Aug 18 23:10:00 2011] [debug] Rendering template "layouts/default.html.ep".
[Thu Aug 18 23:10:00 2011] [debug] 200 OK (0.067434s, 14.829/s).
[Thu Aug 18 23:10:05 2011] [debug] GET /ajax/word/perl (Mozilla/5.0 (X11; Linux i686) AppleWebKit/535.1 (KHTML, like Gecko) Chrome/13.0.782.112 Safari/535.1).
[Thu Aug 18 23:10:05 2011] [debug] Dispatching "TwitterSearchViewer::Page->ajax_search".
[Thu Aug 18 23:10:05 2011] [debug] 200 OK (0.003539s, 282.566/s).
[Thu Aug 18 23:10:07 2011] [debug] GET /ajax/hashtag/mojolicious (Mozilla/5.0 (X11; Linux i686) AppleWebKit/535.1 (KHTML, like Gecko) Chrome/13.0.782.112 Safari/535.1).
[Thu Aug 18 23:10:07 2011] [debug] Dispatching "TwitterSearchViewer::Page->ajax_search".
[Thu Aug 18 23:10:07 2011] [debug] 200 OK (0.003303s, 302.755/s).
[Thu Aug 18 23:10:09 2011] [debug] GET /ajax/hashtag/CPAN (Mozilla/5.0 (X11; Linux i686) AppleWebKit/535.1 (KHTML, like Gecko) Chrome/13.0.782.112 Safari/535.1).
[Thu Aug 18 23:10:09 2011] [debug] Dispatching "TwitterSearchViewer::Page->ajax_search".
[Thu Aug 18 23:10:09 2011] [debug] 200 OK (0.008969s, 111.495/s).
[Thu Aug 18 23:10:10 2011] [debug] GET /ajax/hashtag/perl (Mozilla/5.0 (X11; Linux i686) AppleWebKit/535.1 (KHTML, like Gecko) Chrome/13.0.782.112 Safari/535.1).
[Thu Aug 18 23:10:10 2011] [debug] Dispatching "TwitterSearchViewer::Page->ajax_search".
[Thu Aug 18 23:10:10 2011] [debug] 200 OK (0.003180s, 314.465/s).
[Thu Aug 18 23:23:19 2011] [debug] Reading config file "/home/bfaist/perl/twitter_search_viewer/config.json".
[Thu Aug 18 23:23:22 2011] [info] Server listening (http://*:3000)
[Thu Aug 18 23:23:26 2011] [debug] GET / (Mozilla/5.0 (X11; Linux i686) AppleWebKit/535.1 (KHTML, like Gecko) Chrome/13.0.782.112 Safari/535.1).
[Thu Aug 18 23:23:26 2011] [debug] Dispatching "TwitterSearchViewer::Page->display".
[Thu Aug 18 23:23:26 2011] [debug] Rendering template "page/display.html.ep".
[Thu Aug 18 23:23:26 2011] [debug] Rendering template "layouts/default.html.ep".
[Thu Aug 18 23:23:26 2011] [debug] 200 OK (0.072177s, 13.855/s).
[Thu Aug 18 23:23:30 2011] [debug] GET /ajax/hashtag/perl (Mozilla/5.0 (X11; Linux i686) AppleWebKit/535.1 (KHTML, like Gecko) Chrome/13.0.782.112 Safari/535.1).
[Thu Aug 18 23:23:30 2011] [debug] Dispatching "TwitterSearchViewer::Page->ajax_search".
[Thu Aug 18 23:23:31 2011] [debug] 200 OK (1.039102s, 0.962/s).
[Thu Aug 18 23:23:34 2011] [debug] GET /ajax/hashtag/CPAN (Mozilla/5.0 (X11; Linux i686) AppleWebKit/535.1 (KHTML, like Gecko) Chrome/13.0.782.112 Safari/535.1).
[Thu Aug 18 23:23:34 2011] [debug] Dispatching "TwitterSearchViewer::Page->ajax_search".
[Thu Aug 18 23:23:35 2011] [debug] 200 OK (0.540427s, 1.850/s).
[Thu Aug 18 23:23:36 2011] [debug] GET /ajax/hashtag/mojolicious (Mozilla/5.0 (X11; Linux i686) AppleWebKit/535.1 (KHTML, like Gecko) Chrome/13.0.782.112 Safari/535.1).
[Thu Aug 18 23:23:36 2011] [debug] Dispatching "TwitterSearchViewer::Page->ajax_search".
[Thu Aug 18 23:23:37 2011] [debug] 200 OK (0.624656s, 1.601/s).
[Thu Aug 18 23:23:38 2011] [debug] GET /ajax/word/perl (Mozilla/5.0 (X11; Linux i686) AppleWebKit/535.1 (KHTML, like Gecko) Chrome/13.0.782.112 Safari/535.1).
[Thu Aug 18 23:23:38 2011] [debug] Dispatching "TwitterSearchViewer::Page->ajax_search".
[Thu Aug 18 23:23:38 2011] [debug] 200 OK (0.563709s, 1.774/s).
[Thu Aug 18 23:24:08 2011] [debug] Reading config file "/home/bfaist/perl/twitter_search_viewer/config.json".
[Thu Aug 18 23:24:11 2011] [info] Server listening (http://*:3000)
[Thu Aug 18 23:24:14 2011] [debug] GET / (Mozilla/5.0 (X11; Linux i686) AppleWebKit/535.1 (KHTML, like Gecko) Chrome/13.0.782.112 Safari/535.1).
[Thu Aug 18 23:24:14 2011] [debug] Dispatching "TwitterSearchViewer::Page->display".
[Thu Aug 18 23:24:14 2011] [debug] Rendering template "page/display.html.ep".
[Thu Aug 18 23:24:14 2011] [debug] Rendering template "layouts/default.html.ep".
[Thu Aug 18 23:24:14 2011] [debug] 200 OK (0.051880s, 19.275/s).
[Thu Aug 18 23:24:16 2011] [debug] GET /ajax/hashtag/perl (Mozilla/5.0 (X11; Linux i686) AppleWebKit/535.1 (KHTML, like Gecko) Chrome/13.0.782.112 Safari/535.1).
[Thu Aug 18 23:24:16 2011] [debug] Dispatching "TwitterSearchViewer::Page->ajax_search".
[Thu Aug 18 23:24:17 2011] [debug] 200 OK (0.691301s, 1.447/s).
[Thu Aug 18 23:27:02 2011] [debug] Reading config file "/home/bfaist/perl/twitter_search_viewer/config.json".
[Thu Aug 18 23:27:05 2011] [info] Server listening (http://*:3000)
[Thu Aug 18 23:27:10 2011] [debug] GET / (Mozilla/5.0 (X11; Linux i686) AppleWebKit/535.1 (KHTML, like Gecko) Chrome/13.0.782.112 Safari/535.1).
[Thu Aug 18 23:27:10 2011] [debug] Dispatching "TwitterSearchViewer::Page->display".
[Thu Aug 18 23:27:10 2011] [debug] Rendering template "page/display.html.ep".
[Thu Aug 18 23:27:10 2011] [debug] Rendering template "layouts/default.html.ep".
[Thu Aug 18 23:27:10 2011] [debug] 200 OK (0.048730s, 20.521/s).
[Thu Aug 18 23:27:12 2011] [debug] GET /ajax/hashtag/perl (Mozilla/5.0 (X11; Linux i686) AppleWebKit/535.1 (KHTML, like Gecko) Chrome/13.0.782.112 Safari/535.1).
[Thu Aug 18 23:27:12 2011] [debug] Dispatching "TwitterSearchViewer::Page->ajax_search".
[Thu Aug 18 23:27:16 2011] [debug] 200 OK (3.828172s, 0.261/s).
[Thu Aug 18 23:41:38 2011] [debug] Reading config file "/home/bfaist/perl/twitter_search_viewer/config.json".
[Thu Aug 18 23:41:41 2011] [info] Server listening (http://*:3000)
[Thu Aug 18 23:41:45 2011] [debug] GET / (Mozilla/5.0 (X11; Linux i686) AppleWebKit/535.1 (KHTML, like Gecko) Chrome/13.0.782.112 Safari/535.1).
[Thu Aug 18 23:41:45 2011] [debug] Dispatching "TwitterSearchViewer::Page->display".
[Thu Aug 18 23:41:45 2011] [debug] Rendering template "page/display.html.ep".
[Thu Aug 18 23:41:45 2011] [debug] Rendering template "layouts/default.html.ep".
[Thu Aug 18 23:41:45 2011] [debug] 200 OK (0.052084s, 19.200/s).
[Thu Aug 18 23:41:47 2011] [debug] GET /ajax/hashtag/perl (Mozilla/5.0 (X11; Linux i686) AppleWebKit/535.1 (KHTML, like Gecko) Chrome/13.0.782.112 Safari/535.1).
[Thu Aug 18 23:41:47 2011] [debug] Dispatching "TwitterSearchViewer::Page->ajax_search".
[Thu Aug 18 23:41:48 2011] [debug] Rendering template "page/ajax_search.html.ep".
[Thu Aug 18 23:41:48 2011] [debug] 200 OK (0.696923s, 1.435/s).
[Thu Aug 18 23:42:25 2011] [debug] GET /ajax/hashtag/CPAN (Mozilla/5.0 (X11; Linux i686) AppleWebKit/535.1 (KHTML, like Gecko) Chrome/13.0.782.112 Safari/535.1).
[Thu Aug 18 23:42:25 2011] [debug] Dispatching "TwitterSearchViewer::Page->ajax_search".
[Thu Aug 18 23:42:26 2011] [debug] 200 OK (0.670179s, 1.492/s).
[Thu Aug 18 23:42:32 2011] [debug] GET /ajax/hashtag/mojolicious (Mozilla/5.0 (X11; Linux i686) AppleWebKit/535.1 (KHTML, like Gecko) Chrome/13.0.782.112 Safari/535.1).
[Thu Aug 18 23:42:32 2011] [debug] Dispatching "TwitterSearchViewer::Page->ajax_search".
[Thu Aug 18 23:42:33 2011] [debug] 200 OK (0.543398s, 1.840/s).
[Thu Aug 18 23:42:41 2011] [debug] GET /ajax/word/perl (Mozilla/5.0 (X11; Linux i686) AppleWebKit/535.1 (KHTML, like Gecko) Chrome/13.0.782.112 Safari/535.1).
[Thu Aug 18 23:42:41 2011] [debug] Dispatching "TwitterSearchViewer::Page->ajax_search".
[Thu Aug 18 23:42:41 2011] [debug] 200 OK (0.564365s, 1.772/s).
[Thu Aug 18 23:43:46 2011] [debug] Reading config file "/home/bfaist/perl/twitter_search_viewer/config.json".
[Thu Aug 18 23:43:48 2011] [info] Server listening (http://*:3000)
[Thu Aug 18 23:43:51 2011] [debug] GET / (Mozilla/5.0 (X11; Linux i686) AppleWebKit/535.1 (KHTML, like Gecko) Chrome/13.0.782.112 Safari/535.1).
[Thu Aug 18 23:43:51 2011] [debug] Dispatching "TwitterSearchViewer::Page->display".
[Thu Aug 18 23:43:51 2011] [debug] Rendering template "page/display.html.ep".
[Thu Aug 18 23:43:51 2011] [debug] Rendering template "layouts/default.html.ep".
[Thu Aug 18 23:43:51 2011] [debug] 200 OK (0.059934s, 16.685/s).
[Thu Aug 18 23:43:54 2011] [debug] GET /ajax/hashtag/perl (Mozilla/5.0 (X11; Linux i686) AppleWebKit/535.1 (KHTML, like Gecko) Chrome/13.0.782.112 Safari/535.1).
[Thu Aug 18 23:43:54 2011] [debug] Dispatching "TwitterSearchViewer::Page->ajax_search".
[Thu Aug 18 23:43:55 2011] [debug] Rendering template "page/ajax_search.html.ep".
[Thu Aug 18 23:43:55 2011] [debug] 200 OK (0.749141s, 1.335/s).
[Thu Aug 18 23:43:59 2011] [debug] GET /ajax/hashtag/CPAN (Mozilla/5.0 (X11; Linux i686) AppleWebKit/535.1 (KHTML, like Gecko) Chrome/13.0.782.112 Safari/535.1).
[Thu Aug 18 23:43:59 2011] [debug] Dispatching "TwitterSearchViewer::Page->ajax_search".
[Thu Aug 18 23:44:00 2011] [debug] 200 OK (0.630732s, 1.585/s).
[Thu Aug 18 23:44:09 2011] [debug] GET /ajax/hashtag/mojolicious (Mozilla/5.0 (X11; Linux i686) AppleWebKit/535.1 (KHTML, like Gecko) Chrome/13.0.782.112 Safari/535.1).
[Thu Aug 18 23:44:09 2011] [debug] Dispatching "TwitterSearchViewer::Page->ajax_search".
[Thu Aug 18 23:44:09 2011] [debug] 200 OK (0.576759s, 1.734/s).
[Thu Aug 18 23:44:13 2011] [debug] GET /ajax/word/perl (Mozilla/5.0 (X11; Linux i686) AppleWebKit/535.1 (KHTML, like Gecko) Chrome/13.0.782.112 Safari/535.1).
[Thu Aug 18 23:44:13 2011] [debug] Dispatching "TwitterSearchViewer::Page->ajax_search".
[Thu Aug 18 23:44:13 2011] [debug] 200 OK (0.410604s, 2.435/s).
[Thu Aug 18 23:45:06 2011] [debug] Reading config file "/home/bfaist/perl/twitter_search_viewer/config.json".
[Thu Aug 18 23:45:08 2011] [info] Server listening (http://*:3000)
[Thu Aug 18 23:45:12 2011] [debug] GET / (Mozilla/5.0 (X11; Linux i686) AppleWebKit/535.1 (KHTML, like Gecko) Chrome/13.0.782.112 Safari/535.1).
[Thu Aug 18 23:45:12 2011] [debug] Dispatching "TwitterSearchViewer::Page->display".
[Thu Aug 18 23:45:12 2011] [debug] Rendering template "page/display.html.ep".
[Thu Aug 18 23:45:12 2011] [debug] Rendering template "layouts/default.html.ep".
[Thu Aug 18 23:45:12 2011] [debug] 200 OK (0.058402s, 17.123/s).
[Thu Aug 18 23:45:16 2011] [debug] GET /ajax/hashtag/perl (Mozilla/5.0 (X11; Linux i686) AppleWebKit/535.1 (KHTML, like Gecko) Chrome/13.0.782.112 Safari/535.1).
[Thu Aug 18 23:45:16 2011] [debug] Dispatching "TwitterSearchViewer::Page->ajax_search".
[Thu Aug 18 23:45:16 2011] [debug] Rendering template "page/ajax_search.html.ep".
[Thu Aug 18 23:45:16 2011] [debug] 200 OK (0.729047s, 1.372/s).
[Thu Aug 18 23:45:51 2011] [debug] GET /ajax/hashtag/CPAN (Mozilla/5.0 (X11; Linux i686) AppleWebKit/535.1 (KHTML, like Gecko) Chrome/13.0.782.112 Safari/535.1).
[Thu Aug 18 23:45:51 2011] [debug] Dispatching "TwitterSearchViewer::Page->ajax_search".
[Thu Aug 18 23:45:51 2011] [debug] 200 OK (0.616951s, 1.621/s).
[Thu Aug 18 23:45:57 2011] [debug] GET /ajax/hashtag/mojolicious (Mozilla/5.0 (X11; Linux i686) AppleWebKit/535.1 (KHTML, like Gecko) Chrome/13.0.782.112 Safari/535.1).
[Thu Aug 18 23:45:57 2011] [debug] Dispatching "TwitterSearchViewer::Page->ajax_search".
[Thu Aug 18 23:45:58 2011] [debug] 200 OK (0.669619s, 1.493/s).
[Thu Aug 18 23:46:01 2011] [debug] GET /ajax/word/perl (Mozilla/5.0 (X11; Linux i686) AppleWebKit/535.1 (KHTML, like Gecko) Chrome/13.0.782.112 Safari/535.1).
[Thu Aug 18 23:46:01 2011] [debug] Dispatching "TwitterSearchViewer::Page->ajax_search".
[Thu Aug 18 23:46:02 2011] [debug] 200 OK (0.572094s, 1.748/s).
[Thu Aug 18 23:54:06 2011] [debug] Reading config file "/home/bfaist/perl/twitter_search_viewer/config.json".
[Thu Aug 18 23:54:09 2011] [info] Server listening (http://*:3000)
[Thu Aug 18 23:54:12 2011] [debug] GET / (Mozilla/5.0 (X11; Linux i686) AppleWebKit/535.1 (KHTML, like Gecko) Chrome/13.0.782.112 Safari/535.1).
[Thu Aug 18 23:54:12 2011] [debug] Dispatching "TwitterSearchViewer::Page->display".
[Thu Aug 18 23:54:12 2011] [debug] Rendering template "page/display.html.ep".
[Thu Aug 18 23:54:12 2011] [debug] Rendering template "layouts/default.html.ep".
[Thu Aug 18 23:54:12 2011] [debug] 200 OK (0.052782s, 18.946/s).
[Thu Aug 18 23:54:14 2011] [debug] GET /ajax/hashtag/perl (Mozilla/5.0 (X11; Linux i686) AppleWebKit/535.1 (KHTML, like Gecko) Chrome/13.0.782.112 Safari/535.1).
[Thu Aug 18 23:54:14 2011] [debug] Dispatching "TwitterSearchViewer::Page->ajax_search".
[Thu Aug 18 23:54:15 2011] [debug] Rendering template "page/ajax_search.html.ep".
[Thu Aug 18 23:54:15 2011] [debug] 200 OK (0.727987s, 1.374/s).
[Thu Aug 18 23:54:23 2011] [debug] GET /ajax/hashtag/CPAN (Mozilla/5.0 (X11; Linux i686) AppleWebKit/535.1 (KHTML, like Gecko) Chrome/13.0.782.112 Safari/535.1).
[Thu Aug 18 23:54:23 2011] [debug] Dispatching "TwitterSearchViewer::Page->ajax_search".
[Thu Aug 18 23:54:23 2011] [debug] 200 OK (0.651706s, 1.534/s).
[Thu Aug 18 23:54:28 2011] [debug] GET /ajax/hashtag/mojolicious (Mozilla/5.0 (X11; Linux i686) AppleWebKit/535.1 (KHTML, like Gecko) Chrome/13.0.782.112 Safari/535.1).
[Thu Aug 18 23:54:28 2011] [debug] Dispatching "TwitterSearchViewer::Page->ajax_search".
[Thu Aug 18 23:54:29 2011] [debug] 200 OK (0.706273s, 1.416/s).
[Thu Aug 18 23:54:42 2011] [debug] GET /ajax/word/perl (Mozilla/5.0 (X11; Linux i686) AppleWebKit/535.1 (KHTML, like Gecko) Chrome/13.0.782.112 Safari/535.1).
[Thu Aug 18 23:54:42 2011] [debug] Dispatching "TwitterSearchViewer::Page->ajax_search".
[Thu Aug 18 23:54:42 2011] [debug] 200 OK (0.644664s, 1.551/s).
[Thu Aug 18 23:56:14 2011] [debug] Reading config file "/home/bfaist/perl/twitter_search_viewer/config.json".
[Thu Aug 18 23:56:17 2011] [info] Server listening (http://*:3000)
[Thu Aug 18 23:56:19 2011] [debug] GET / (Mozilla/5.0 (X11; Linux i686) AppleWebKit/535.1 (KHTML, like Gecko) Chrome/13.0.782.112 Safari/535.1).
[Thu Aug 18 23:56:19 2011] [debug] Dispatching "TwitterSearchViewer::Page->display".
[Thu Aug 18 23:56:19 2011] [debug] Rendering template "page/display.html.ep".
[Thu Aug 18 23:56:19 2011] [debug] Rendering template "layouts/default.html.ep".
[Thu Aug 18 23:56:19 2011] [debug] 200 OK (0.060874s, 16.427/s).
[Thu Aug 18 23:56:21 2011] [debug] GET /ajax/hashtag/perl (Mozilla/5.0 (X11; Linux i686) AppleWebKit/535.1 (KHTML, like Gecko) Chrome/13.0.782.112 Safari/535.1).
[Thu Aug 18 23:56:21 2011] [debug] Dispatching "TwitterSearchViewer::Page->ajax_search".
[Thu Aug 18 23:56:22 2011] [debug] Rendering template "page/ajax_search.html.ep".
[Thu Aug 18 23:56:22 2011] [debug] 200 OK (0.668725s, 1.495/s).
[Thu Aug 18 23:56:27 2011] [debug] GET /ajax/hashtag/CPAN (Mozilla/5.0 (X11; Linux i686) AppleWebKit/535.1 (KHTML, like Gecko) Chrome/13.0.782.112 Safari/535.1).
[Thu Aug 18 23:56:27 2011] [debug] Dispatching "TwitterSearchViewer::Page->ajax_search".
[Thu Aug 18 23:56:27 2011] [debug] 200 OK (0.556563s, 1.797/s).
[Thu Aug 18 23:56:38 2011] [debug] GET /ajax/hashtag/mojolicious (Mozilla/5.0 (X11; Linux i686) AppleWebKit/535.1 (KHTML, like Gecko) Chrome/13.0.782.112 Safari/535.1).
[Thu Aug 18 23:56:38 2011] [debug] Dispatching "TwitterSearchViewer::Page->ajax_search".
[Thu Aug 18 23:56:39 2011] [debug] 200 OK (0.548068s, 1.825/s).
[Thu Aug 18 23:56:42 2011] [debug] GET /ajax/word/perl (Mozilla/5.0 (X11; Linux i686) AppleWebKit/535.1 (KHTML, like Gecko) Chrome/13.0.782.112 Safari/535.1).
[Thu Aug 18 23:56:42 2011] [debug] Dispatching "TwitterSearchViewer::Page->ajax_search".
[Thu Aug 18 23:56:42 2011] [debug] 200 OK (0.387720s, 2.579/s).
[Thu Aug 18 23:59:36 2011] [debug] Reading config file "/home/bfaist/perl/twitter_search_viewer/config.json".
[Thu Aug 18 23:59:38 2011] [info] Server listening (http://*:3000)
[Thu Aug 18 23:59:41 2011] [debug] GET / (Mozilla/5.0 (X11; Linux i686) AppleWebKit/535.1 (KHTML, like Gecko) Chrome/13.0.782.112 Safari/535.1).
[Thu Aug 18 23:59:41 2011] [debug] Dispatching "TwitterSearchViewer::Page->display".
[Thu Aug 18 23:59:41 2011] [debug] Rendering template "page/display.html.ep".
[Thu Aug 18 23:59:41 2011] [debug] Rendering template "layouts/default.html.ep".
[Thu Aug 18 23:59:41 2011] [debug] 200 OK (0.051149s, 19.551/s).
[Thu Aug 18 23:59:44 2011] [debug] GET /ajax/hashtag/perl (Mozilla/5.0 (X11; Linux i686) AppleWebKit/535.1 (KHTML, like Gecko) Chrome/13.0.782.112 Safari/535.1).
[Thu Aug 18 23:59:44 2011] [debug] Dispatching "TwitterSearchViewer::Page->ajax_search".
[Thu Aug 18 23:59:45 2011] [debug] Rendering template "page/ajax_search.html.ep".
[Thu Aug 18 23:59:45 2011] [debug] 200 OK (0.828026s, 1.208/s).
[Thu Aug 18 23:59:53 2011] [debug] GET /ajax/hashtag/CPAN (Mozilla/5.0 (X11; Linux i686) AppleWebKit/535.1 (KHTML, like Gecko) Chrome/13.0.782.112 Safari/535.1).
[Thu Aug 18 23:59:53 2011] [debug] Dispatching "TwitterSearchViewer::Page->ajax_search".
[Thu Aug 18 23:59:53 2011] [debug] 200 OK (0.612871s, 1.632/s).
[Fri Aug 19 00:01:16 2011] [debug] Reading config file "/home/bfaist/perl/twitter_search_viewer/config.json".
[Fri Aug 19 00:01:18 2011] [info] Server listening (http://*:3000)
[Fri Aug 19 00:01:21 2011] [debug] GET / (Mozilla/5.0 (X11; Linux i686) AppleWebKit/535.1 (KHTML, like Gecko) Chrome/13.0.782.112 Safari/535.1).
[Fri Aug 19 00:01:21 2011] [debug] Dispatching "TwitterSearchViewer::Page->display".
[Fri Aug 19 00:01:21 2011] [debug] Rendering template "page/display.html.ep".
[Fri Aug 19 00:01:21 2011] [debug] Rendering template "layouts/default.html.ep".
[Fri Aug 19 00:01:21 2011] [debug] 200 OK (0.062442s, 16.015/s).
[Fri Aug 19 00:01:23 2011] [debug] GET /ajax/hashtag/perl (Mozilla/5.0 (X11; Linux i686) AppleWebKit/535.1 (KHTML, like Gecko) Chrome/13.0.782.112 Safari/535.1).
[Fri Aug 19 00:01:23 2011] [debug] Dispatching "TwitterSearchViewer::Page->ajax_search".
[Fri Aug 19 00:01:24 2011] [debug] Rendering template "page/ajax_search.html.ep".
[Fri Aug 19 00:01:24 2011] [debug] 200 OK (0.798461s, 1.252/s).
[Fri Aug 19 00:01:29 2011] [debug] GET / (Mozilla/5.0 (X11; Linux i686) AppleWebKit/535.1 (KHTML, like Gecko) Chrome/13.0.782.112 Safari/535.1).
[Fri Aug 19 00:01:29 2011] [debug] Dispatching "TwitterSearchViewer::Page->display".
[Fri Aug 19 00:01:29 2011] [debug] 200 OK (0.006977s, 143.328/s).
[Fri Aug 19 00:01:30 2011] [debug] GET /ajax/hashtag/CPAN (Mozilla/5.0 (X11; Linux i686) AppleWebKit/535.1 (KHTML, like Gecko) Chrome/13.0.782.112 Safari/535.1).
[Fri Aug 19 00:01:30 2011] [debug] Dispatching "TwitterSearchViewer::Page->ajax_search".
[Fri Aug 19 00:01:31 2011] [debug] 200 OK (0.620012s, 1.613/s).
[Fri Aug 19 00:02:45 2011] [debug] Reading config file "/home/bfaist/perl/twitter_search_viewer/config.json".
[Fri Aug 19 00:02:48 2011] [info] Server listening (http://*:3000)
[Fri Aug 19 00:02:50 2011] [debug] GET / (Mozilla/5.0 (X11; Linux i686) AppleWebKit/535.1 (KHTML, like Gecko) Chrome/13.0.782.112 Safari/535.1).
[Fri Aug 19 00:02:50 2011] [debug] Dispatching "TwitterSearchViewer::Page->display".
[Fri Aug 19 00:02:50 2011] [debug] Rendering template "page/display.html.ep".
[Fri Aug 19 00:02:50 2011] [debug] Rendering template "layouts/default.html.ep".
[Fri Aug 19 00:02:50 2011] [debug] 200 OK (0.051621s, 19.372/s).
[Fri Aug 19 00:02:52 2011] [debug] GET /ajax/hashtag/perl (Mozilla/5.0 (X11; Linux i686) AppleWebKit/535.1 (KHTML, like Gecko) Chrome/13.0.782.112 Safari/535.1).
[Fri Aug 19 00:02:52 2011] [debug] Dispatching "TwitterSearchViewer::Page->ajax_search".
[Fri Aug 19 00:02:53 2011] [debug] Rendering template "page/ajax_search.html.ep".
[Fri Aug 19 00:02:53 2011] [debug] 200 OK (0.840361s, 1.190/s).
[Fri Aug 19 00:02:55 2011] [debug] GET /ajax/hashtag/CPAN (Mozilla/5.0 (X11; Linux i686) AppleWebKit/535.1 (KHTML, like Gecko) Chrome/13.0.782.112 Safari/535.1).
[Fri Aug 19 00:02:55 2011] [debug] Dispatching "TwitterSearchViewer::Page->ajax_search".
[Fri Aug 19 00:02:55 2011] [debug] 200 OK (0.351838s, 2.842/s).
[Fri Aug 19 00:06:37 2011] [debug] Reading config file "/home/bfaist/perl/twitter_search_viewer/config.json".
[Fri Aug 19 00:06:39 2011] [info] Server listening (http://*:3000)
[Fri Aug 19 00:06:41 2011] [debug] GET / (Mozilla/5.0 (X11; Linux i686) AppleWebKit/535.1 (KHTML, like Gecko) Chrome/13.0.782.112 Safari/535.1).
[Fri Aug 19 00:06:41 2011] [debug] Dispatching "TwitterSearchViewer::Page->display".
[Fri Aug 19 00:06:41 2011] [debug] Rendering template "page/display.html.ep".
[Fri Aug 19 00:06:41 2011] [debug] Rendering template "layouts/default.html.ep".
[Fri Aug 19 00:06:41 2011] [debug] 200 OK (0.074561s, 13.412/s).
[Fri Aug 19 00:06:43 2011] [debug] GET /ajax/hashtag/perl (Mozilla/5.0 (X11; Linux i686) AppleWebKit/535.1 (KHTML, like Gecko) Chrome/13.0.782.112 Safari/535.1).
[Fri Aug 19 00:06:43 2011] [debug] Dispatching "TwitterSearchViewer::Page->ajax_search".
[Fri Aug 19 00:06:44 2011] [debug] Rendering template "page/ajax_search.html.ep".
[Fri Aug 19 00:06:44 2011] [debug] 200 OK (0.768690s, 1.301/s).
[Fri Aug 19 00:06:51 2011] [debug] GET /ajax/hashtag/CPAN (Mozilla/5.0 (X11; Linux i686) AppleWebKit/535.1 (KHTML, like Gecko) Chrome/13.0.782.112 Safari/535.1).
[Fri Aug 19 00:06:51 2011] [debug] Dispatching "TwitterSearchViewer::Page->ajax_search".
[Fri Aug 19 00:06:51 2011] [debug] 200 OK (0.654998s, 1.527/s).
[Fri Aug 19 00:08:04 2011] [debug] Reading config file "/home/bfaist/perl/twitter_search_viewer/config.json".
[Fri Aug 19 00:08:06 2011] [info] Server listening (http://*:3000)
[Fri Aug 19 00:08:08 2011] [debug] GET / (Mozilla/5.0 (X11; Linux i686) AppleWebKit/535.1 (KHTML, like Gecko) Chrome/13.0.782.112 Safari/535.1).
[Fri Aug 19 00:08:08 2011] [debug] Dispatching "TwitterSearchViewer::Page->display".
[Fri Aug 19 00:08:08 2011] [debug] Rendering template "page/display.html.ep".
[Fri Aug 19 00:08:08 2011] [debug] Rendering template "layouts/default.html.ep".
[Fri Aug 19 00:08:08 2011] [debug] 200 OK (0.056268s, 17.772/s).
[Fri Aug 19 00:08:10 2011] [debug] GET /ajax/hashtag/perl (Mozilla/5.0 (X11; Linux i686) AppleWebKit/535.1 (KHTML, like Gecko) Chrome/13.0.782.112 Safari/535.1).
[Fri Aug 19 00:08:10 2011] [debug] Dispatching "TwitterSearchViewer::Page->ajax_search".
[Fri Aug 19 00:08:11 2011] [debug] Rendering template "page/ajax_search.html.ep".
[Fri Aug 19 00:08:11 2011] [debug] 200 OK (0.853201s, 1.172/s).
[Fri Aug 19 00:08:17 2011] [debug] GET /ajax/hashtag/mojolicious (Mozilla/5.0 (X11; Linux i686) AppleWebKit/535.1 (KHTML, like Gecko) Chrome/13.0.782.112 Safari/535.1).
[Fri Aug 19 00:08:17 2011] [debug] Dispatching "TwitterSearchViewer::Page->ajax_search".
[Fri Aug 19 00:08:17 2011] [debug] 200 OK (0.551688s, 1.813/s).
[Fri Aug 19 00:09:39 2011] [debug] Reading config file "/home/bfaist/perl/twitter_search_viewer/config.json".
[Fri Aug 19 00:09:42 2011] [info] Server listening (http://*:3000)
[Fri Aug 19 00:09:44 2011] [debug] GET / (Mozilla/5.0 (X11; Linux i686) AppleWebKit/535.1 (KHTML, like Gecko) Chrome/13.0.782.112 Safari/535.1).
[Fri Aug 19 00:09:44 2011] [debug] Dispatching "TwitterSearchViewer::Page->display".
[Fri Aug 19 00:09:44 2011] [debug] Rendering template "page/display.html.ep".
[Fri Aug 19 00:09:44 2011] [debug] Rendering template "layouts/default.html.ep".
[Fri Aug 19 00:09:44 2011] [debug] 200 OK (0.047648s, 20.987/s).
[Fri Aug 19 00:09:46 2011] [debug] GET /ajax/hashtag/perl (Mozilla/5.0 (X11; Linux i686) AppleWebKit/535.1 (KHTML, like Gecko) Chrome/13.0.782.112 Safari/535.1).
[Fri Aug 19 00:09:46 2011] [debug] Dispatching "TwitterSearchViewer::Page->ajax_search".
[Fri Aug 19 00:09:47 2011] [debug] Rendering template "page/ajax_search.html.ep".
[Fri Aug 19 00:09:47 2011] [debug] 200 OK (0.830355s, 1.204/s).
[Fri Aug 19 00:09:51 2011] [debug] GET /ajax/hashtag/CPAN (Mozilla/5.0 (X11; Linux i686) AppleWebKit/535.1 (KHTML, like Gecko) Chrome/13.0.782.112 Safari/535.1).
[Fri Aug 19 00:09:51 2011] [debug] Dispatching "TwitterSearchViewer::Page->ajax_search".
[Fri Aug 19 00:09:52 2011] [debug] 200 OK (0.573208s, 1.745/s).
[Fri Aug 19 00:10:00 2011] [debug] GET /ajax/hashtag/mojolicious (Mozilla/5.0 (X11; Linux i686) AppleWebKit/535.1 (KHTML, like Gecko) Chrome/13.0.782.112 Safari/535.1).
[Fri Aug 19 00:10:00 2011] [debug] Dispatching "TwitterSearchViewer::Page->ajax_search".
[Fri Aug 19 00:10:00 2011] [debug] 200 OK (0.566699s, 1.765/s).
[Fri Aug 19 00:14:02 2011] [debug] Reading config file "/home/bfaist/perl/twitter_search_viewer/config.json".
[Fri Aug 19 00:14:05 2011] [info] Server listening (http://*:3000)
[Fri Aug 19 00:14:27 2011] [debug] GET / (Mozilla/5.0 (X11; Linux i686) AppleWebKit/535.1 (KHTML, like Gecko) Chrome/13.0.782.112 Safari/535.1).
[Fri Aug 19 00:14:27 2011] [debug] Dispatching "TwitterSearchViewer::Page->display".
[Fri Aug 19 00:14:27 2011] [debug] Rendering template "page/display.html.ep".
[Fri Aug 19 00:14:27 2011] [debug] Rendering template "layouts/default.html.ep".
[Fri Aug 19 00:14:27 2011] [debug] 200 OK (0.050235s, 19.906/s).
[Fri Aug 19 00:14:29 2011] [debug] GET /ajax/hashtag/perl (Mozilla/5.0 (X11; Linux i686) AppleWebKit/535.1 (KHTML, like Gecko) Chrome/13.0.782.112 Safari/535.1).
[Fri Aug 19 00:14:29 2011] [debug] Dispatching "TwitterSearchViewer::Page->ajax_search".
[Fri Aug 19 00:14:29 2011] [debug] Rendering template "page/ajax_search.html.ep".
[Fri Aug 19 00:14:29 2011] [debug] 200 OK (0.772865s, 1.294/s).
[Fri Aug 19 00:18:27 2011] [debug] Reading config file "/home/bfaist/perl/twitter_search_viewer/config.json".
[Fri Aug 19 00:18:29 2011] [info] Server listening (http://*:3000)
[Fri Aug 19 00:18:34 2011] [debug] GET / (Mozilla/5.0 (X11; Linux i686) AppleWebKit/535.1 (KHTML, like Gecko) Chrome/13.0.782.112 Safari/535.1).
[Fri Aug 19 00:18:34 2011] [debug] Dispatching "TwitterSearchViewer::Page->display".
[Fri Aug 19 00:18:34 2011] [debug] Rendering template "page/display.html.ep".
[Fri Aug 19 00:18:34 2011] [debug] Rendering template "layouts/default.html.ep".
[Fri Aug 19 00:18:34 2011] [debug] 200 OK (0.074114s, 13.493/s).
[Fri Aug 19 00:18:35 2011] [debug] GET /ajax/hashtag/perl (Mozilla/5.0 (X11; Linux i686) AppleWebKit/535.1 (KHTML, like Gecko) Chrome/13.0.782.112 Safari/535.1).
[Fri Aug 19 00:18:35 2011] [debug] Dispatching "TwitterSearchViewer::Page->ajax_search".
[Fri Aug 19 00:18:36 2011] [debug] Rendering template "page/ajax_search.html.ep".
[Fri Aug 19 00:18:36 2011] [debug] 200 OK (0.640361s, 1.562/s).
[Fri Aug 19 00:18:42 2011] [debug] GET /ajax/hashtag/CPAN (Mozilla/5.0 (X11; Linux i686) AppleWebKit/535.1 (KHTML, like Gecko) Chrome/13.0.782.112 Safari/535.1).
[Fri Aug 19 00:18:42 2011] [debug] Dispatching "TwitterSearchViewer::Page->ajax_search".
[Fri Aug 19 00:18:43 2011] [debug] 200 OK (0.569593s, 1.756/s).
[Fri Aug 19 00:18:50 2011] [debug] GET /ajax/hashtag/mojolicious (Mozilla/5.0 (X11; Linux i686) AppleWebKit/535.1 (KHTML, like Gecko) Chrome/13.0.782.112 Safari/535.1).
[Fri Aug 19 00:18:50 2011] [debug] Dispatching "TwitterSearchViewer::Page->ajax_search".
[Fri Aug 19 00:18:51 2011] [debug] 200 OK (0.555892s, 1.799/s).
[Fri Aug 19 00:19:39 2011] [debug] Reading config file "/home/bfaist/perl/twitter_search_viewer/config.json".
[Fri Aug 19 00:19:41 2011] [info] Server listening (http://*:3000)
[Fri Aug 19 00:19:45 2011] [debug] GET / (Mozilla/5.0 (X11; Linux i686) AppleWebKit/535.1 (KHTML, like Gecko) Chrome/13.0.782.112 Safari/535.1).
[Fri Aug 19 00:19:45 2011] [debug] Dispatching "TwitterSearchViewer::Page->display".
[Fri Aug 19 00:19:45 2011] [debug] Rendering template "page/display.html.ep".
[Fri Aug 19 00:19:45 2011] [debug] Rendering template "layouts/default.html.ep".
[Fri Aug 19 00:19:45 2011] [debug] 200 OK (0.049523s, 20.193/s).
[Fri Aug 19 00:19:47 2011] [debug] GET /ajax/hashtag/perl (Mozilla/5.0 (X11; Linux i686) AppleWebKit/535.1 (KHTML, like Gecko) Chrome/13.0.782.112 Safari/535.1).
[Fri Aug 19 00:19:47 2011] [debug] Dispatching "TwitterSearchViewer::Page->ajax_search".
[Fri Aug 19 00:19:48 2011] [debug] Rendering template "page/ajax_search.html.ep".
[Fri Aug 19 00:19:48 2011] [debug] 200 OK (0.820851s, 1.218/s).
[Fri Aug 19 00:20:29 2011] [debug] Reading config file "/home/bfaist/perl/twitter_search_viewer/config.json".
[Fri Aug 19 00:20:31 2011] [info] Server listening (http://*:3000)
[Fri Aug 19 00:20:34 2011] [debug] GET / (Mozilla/5.0 (X11; Linux i686) AppleWebKit/535.1 (KHTML, like Gecko) Chrome/13.0.782.112 Safari/535.1).
[Fri Aug 19 00:20:34 2011] [debug] Dispatching "TwitterSearchViewer::Page->display".
[Fri Aug 19 00:20:34 2011] [debug] Rendering template "page/display.html.ep".
[Fri Aug 19 00:20:34 2011] [debug] Rendering template "layouts/default.html.ep".
[Fri Aug 19 00:20:34 2011] [debug] 200 OK (0.056030s, 17.848/s).
[Fri Aug 19 00:20:36 2011] [debug] GET /ajax/word/perl (Mozilla/5.0 (X11; Linux i686) AppleWebKit/535.1 (KHTML, like Gecko) Chrome/13.0.782.112 Safari/535.1).
[Fri Aug 19 00:20:36 2011] [debug] Dispatching "TwitterSearchViewer::Page->ajax_search".
[Fri Aug 19 00:20:37 2011] [debug] Rendering template "page/ajax_search.html.ep".
[Fri Aug 19 00:20:37 2011] [debug] 200 OK (1.094205s, 0.914/s).
[Fri Aug 19 00:20:43 2011] [debug] GET /ajax/hashtag/mojolicious (Mozilla/5.0 (X11; Linux i686) AppleWebKit/535.1 (KHTML, like Gecko) Chrome/13.0.782.112 Safari/535.1).
[Fri Aug 19 00:20:43 2011] [debug] Dispatching "TwitterSearchViewer::Page->ajax_search".
[Fri Aug 19 00:20:44 2011] [debug] 200 OK (0.495596s, 2.018/s).
[Fri Aug 19 00:20:50 2011] [debug] GET /ajax/hashtag/CPAN (Mozilla/5.0 (X11; Linux i686) AppleWebKit/535.1 (KHTML, like Gecko) Chrome/13.0.782.112 Safari/535.1).
[Fri Aug 19 00:20:50 2011] [debug] Dispatching "TwitterSearchViewer::Page->ajax_search".
[Fri Aug 19 00:20:50 2011] [debug] 200 OK (0.583954s, 1.712/s).
[Fri Aug 19 00:21:00 2011] [debug] GET /ajax/hashtag/perl (Mozilla/5.0 (X11; Linux i686) AppleWebKit/535.1 (KHTML, like Gecko) Chrome/13.0.782.112 Safari/535.1).
[Fri Aug 19 00:21:00 2011] [debug] Dispatching "TwitterSearchViewer::Page->ajax_search".
[Fri Aug 19 00:21:01 2011] [debug] 200 OK (0.439949s, 2.273/s).
